<?xml version="1.0" encoding="UTF-8"?>
<!-- Generated by org.testng.reporters.JUnitXMLReporter -->
<testsuite hostname="DESKTOP-UBA01OH" ignored="0" name="UploadTests" tests="3" failures="0" timestamp="11 Jan 2023 01:21:42 GMT" time="25.515" errors="0">
  <testcase name="fileUploadTest" time="2.646" classname="com.herokuapp.theinternet.uploadtests.UploadTests"/>
  <testcase name="fileUploadTest" time="1.603" classname="com.herokuapp.theinternet.uploadtests.UploadTests"/>
  <testcase name="fileUploadTest" time="1.413" classname="com.herokuapp.theinternet.uploadtests.UploadTests"/>
</testsuite> <!-- UploadTests -->
