<?xml version="1.0" encoding="UTF-8"?>
<testng-results skipped="0" failed="0" ignored="0" total="1" passed="1">
  <reporter-output>
  </reporter-output>
  <suite name="Surefire suite" duration-ms="10569" started-at="2023-01-11T01:28:15Z" finished-at="2023-01-11T01:28:26Z">
    <groups>
    </groups>
    <test name="Surefire test" duration-ms="10569" started-at="2023-01-11T01:28:15Z" finished-at="2023-01-11T01:28:26Z">
      <class name="com.herokuapp.theinternet.checkboxespagetests.CheckboxesTests">
        <test-method status="PASS" signature="setUp(java.lang.reflect.Method, java.lang.String, java.lang.String, java.lang.String, org.testng.ITestContext)[pri:0, instance:com.herokuapp.theinternet.checkboxespagetests.CheckboxesTests@9f70c54]" name="setUp" is-config="true" duration-ms="7336" started-at="2023-01-11T01:28:16Z" finished-at="2023-01-11T01:28:23Z">
          <params>
            <param index="0">
              <value>
                <![CDATA[public void com.herokuapp.theinternet.checkboxespagetests.CheckboxesTests.selectingTwoCheckboxesTest()]]>
              </value>
            </param>
            <param index="1">
              <value>
                <![CDATA[chrome]]>
              </value>
            </param>
            <param index="2">
              <value is-null="true"/>
            </param>
            <param index="3">
              <value is-null="true"/>
            </param>
            <param index="4">
              <value>
                <![CDATA[org.testng.TestRunner@71984c3]]>
              </value>
            </param>
          </params>
          <reporter-output>
          </reporter-output>
        </test-method> <!-- setUp -->
        <test-method status="PASS" signature="selectingTwoCheckboxesTest()[pri:0, instance:com.herokuapp.theinternet.checkboxespagetests.CheckboxesTests@9f70c54]" name="selectingTwoCheckboxesTest" duration-ms="1073" started-at="2023-01-11T01:28:23Z" finished-at="2023-01-11T01:28:25Z">
          <reporter-output>
          </reporter-output>
        </test-method> <!-- selectingTwoCheckboxesTest -->
        <test-method status="PASS" signature="tearDown()[pri:0, instance:com.herokuapp.theinternet.checkboxespagetests.CheckboxesTests@9f70c54]" name="tearDown" is-config="true" duration-ms="1064" started-at="2023-01-11T01:28:25Z" finished-at="2023-01-11T01:28:26Z">
          <reporter-output>
          </reporter-output>
        </test-method> <!-- tearDown -->
      </class> <!-- com.herokuapp.theinternet.checkboxespagetests.CheckboxesTests -->
    </test> <!-- Surefire test -->
  </suite> <!-- Surefire suite -->
</testng-results>
