<?xml version="1.0" encoding="UTF-8"?>
<testsuite xmlns:xsi="http://www.w3.org/2001/XMLSchema-instance" xsi:noNamespaceSchemaLocation="https://maven.apache.org/surefire/maven-surefire-plugin/xsd/surefire-test-report.xsd" name="TestSuite" time="77.66" tests="7" errors="0" skipped="0" failures="2">
  <properties>
[...]
</properties>
  <testcase name="logInTest" classname="com.herokuapp.theinternet.loginpagetests.PositiveLogInTests" time="4.987"/>
  <testcase name="jsAlertTest" classname="com.herokuapp.theinternet.alertstests.AlertsTests" time="3.662">
    <failure message="The following asserts failed:&#10;	result is not expected. &#10;Should be &apos;You successfuly clicked an alert&apos;, but it is &apos;You successfully clicked an alert&apos; expected [true] but found [false]" type="java.lang.AssertionError">java.lang.AssertionError: 
The following asserts failed:
	result is not expected. 
Should be 'You successfuly clicked an alert', but it is 'You successfully clicked an alert' expected [true] but found [false]
	at com.herokuapp.theinternet.alertstests.AlertsTests.jsAlertTest(AlertsTests.java:44)
</failure>
    <system-out><![CDATA[[main] 20:20:41,923 INFO  [PositiveLogInTest] Close driver
[main] 20:20:43,328 INFO  [PositiveLogInTest] [ALL PositiveLogInTest FINISHED]
[main] 20:20:43,355 INFO  [AlertsTests] [TEST AlertsTests STARTED]
[main] 20:20:43,362 INFO  [AlertsTests] Create driver: chrome
[main] 20:20:48,301 INFO  [AlertsTests] [Starting jsAlertTest]
[main] 20:20:48,313 INFO  [AlertsTests] Opening page: http://the-internet.herokuapp.com/
[main] 20:20:48,890 INFO  [AlertsTests] Page opened!
[main] 20:20:48,890 INFO  [AlertsTests] Clicking JavaScript Alerts link on Welcome Page
[main] 20:20:49,490 INFO  [AlertsTests] Clicking on 'Click for JS Alert' button to open alert
[main] 20:20:50,780 INFO  [AlertsTests] Alert says: I am a JS Alert
[main] 20:20:50,780 INFO  [AlertsTests] Switching to alert and pressing OK
[main] 20:20:50,944 INFO  [AlertsTests] Result text: You successfully clicked an alert
[main] 20:20:51,957 INFO  [AlertsTests] [Test jsAlertTest failed]
]]></system-out>
    <system-err><![CDATA[Starting ChromeDriver 108.0.5359.71 (1e0e3868ee06e91ad636a874420e3ca3ae3756ac-refs/branch-heads/5359@{#1016}) on port 37425
Only local connections are allowed.
Please see https://chromedriver.chromium.org/security-considerations for suggestions on keeping ChromeDriver safe.
ChromeDriver was started successfully.
Jan 10, 2023 8:20:45 PM org.openqa.selenium.remote.ProtocolHandshake createSession
INFO: Detected dialect: W3C
]]></system-err>
  </testcase>
  <testcase name="jsDismissTest" classname="com.herokuapp.theinternet.alertstests.AlertsTests" time="4.935"/>
  <testcase name="jsPromptTest" classname="com.herokuapp.theinternet.alertstests.AlertsTests" time="5.347">
    <failure message="The following asserts failed:&#10;	Alert message is not expected. &#10;Should be &apos;I am a JS prompt&apos;, but it is &apos;I am a JS prompt[FAIL]&apos; expected [true] but found [false],&#10;	result is not expected. &#10;Should be &apos;You entered: Hello Alert, its Dmitry here&apos;, but it is &apos;You entered: Hello Alert, it&apos;s Dmitry here[FAIL]&apos; expected [true] but found [false]" type="java.lang.AssertionError">java.lang.AssertionError: 
The following asserts failed:
	Alert message is not expected. 
Should be 'I am a JS prompt', but it is 'I am a JS prompt[FAIL]' expected [true] but found [false],
	result is not expected. 
Should be 'You entered: Hello Alert, its Dmitry here', but it is 'You entered: Hello Alert, it's Dmitry here[FAIL]' expected [true] but found [false]
	at com.herokuapp.theinternet.alertstests.AlertsTests.jsPromptTest(AlertsTests.java:113)
</failure>
    <system-out><![CDATA[[main] 20:21:03,650 INFO  [AlertsTests] Close driver
[main] 20:21:05,088 INFO  [AlertsTests] Create driver: chrome
[main] 20:21:10,069 INFO  [AlertsTests] [Starting jsPromptTest]
[main] 20:21:10,070 INFO  [AlertsTests] Opening page: http://the-internet.herokuapp.com/
[main] 20:21:11,076 INFO  [AlertsTests] Page opened!
[main] 20:21:11,076 INFO  [AlertsTests] Clicking JavaScript Alerts link on Welcome Page
[main] 20:21:11,945 INFO  [AlertsTests] Clicking on 'Click for JS Prompt' button to open alert
[main] 20:21:13,270 INFO  [AlertsTests] Alert says: I am a JS prompt
[main] 20:21:13,271 INFO  [AlertsTests] Typing text into alert and pressing OK
[main] 20:21:14,408 INFO  [AlertsTests] Result text: You entered: Hello Alert, it's Dmitry here
[main] 20:21:15,414 INFO  [AlertsTests] [Test jsPromptTest failed]
]]></system-out>
    <system-err><![CDATA[Starting ChromeDriver 108.0.5359.71 (1e0e3868ee06e91ad636a874420e3ca3ae3756ac-refs/branch-heads/5359@{#1016}) on port 23417
Only local connections are allowed.
Please see https://chromedriver.chromium.org/security-considerations for suggestions on keeping ChromeDriver safe.
ChromeDriver was started successfully.
Jan 10, 2023 8:21:06 PM org.openqa.selenium.remote.ProtocolHandshake createSession
INFO: Detected dialect: W3C
]]></system-err>
  </testcase>
  <testcase name="fileUploadTest" classname="com.herokuapp.theinternet.uploadtests.UploadTests" time="2.641"/>
  <testcase name="fileUploadTest" classname="com.herokuapp.theinternet.uploadtests.UploadTests" time="1.603"/>
  <testcase name="fileUploadTest" classname="com.herokuapp.theinternet.uploadtests.UploadTests" time="1.404"/>
</testsuite>