<?xml version="1.0" encoding="UTF-8"?>
<testsuite xmlns:xsi="http://www.w3.org/2001/XMLSchema-instance" xsi:noNamespaceSchemaLocation="https://maven.apache.org/surefire/maven-surefire-plugin/xsd/surefire-test-report.xsd" name="TestSuite" time="69.669" tests="7" errors="0" skipped="0" failures="2">
  <properties>
[...]
</properties>
  <testcase name="logInTest" classname="com.herokuapp.theinternet.loginpagetests.PositiveLogInTests" time="3.226"/>
  <testcase name="jsAlertTest" classname="com.herokuapp.theinternet.alertstests.AlertsTests" time="3.485">
    <failure message="The following asserts failed:&#10;	result is not expected. &#10;Should be &apos;You successfuly clicked an alert&apos;, but it is &apos;You successfully clicked an alert&apos; expected [true] but found [false]" type="java.lang.AssertionError">java.lang.AssertionError: 
The following asserts failed:
	result is not expected. 
Should be 'You successfuly clicked an alert', but it is 'You successfully clicked an alert' expected [true] but found [false]
	at com.herokuapp.theinternet.alertstests.AlertsTests.jsAlertTest(AlertsTests.java:44)
</failure>
    <system-out><![CDATA[[main] 21:27:28,340 INFO  [PositiveLogInTest] Close driver
[main] 21:27:29,764 INFO  [PositiveLogInTest] [ALL PositiveLogInTest FINISHED]
[main] 21:27:29,788 INFO  [AlertsTests] [TEST AlertsTests STARTED]
[main] 21:27:29,790 INFO  [AlertsTests] Create driver: chrome
[main] 21:27:35,085 INFO  [AlertsTests] [Starting jsAlertTest]
[main] 21:27:35,090 INFO  [AlertsTests] Opening page: http://the-internet.herokuapp.com/
[main] 21:27:35,682 INFO  [AlertsTests] Page opened!
[main] 21:27:35,682 INFO  [AlertsTests] Clicking JavaScript Alerts link on Welcome Page
[main] 21:27:36,244 INFO  [AlertsTests] Clicking on 'Click for JS Alert' button to open alert
[main] 21:27:37,471 INFO  [AlertsTests] Alert says: I am a JS Alert
[main] 21:27:37,471 INFO  [AlertsTests] Switching to alert and pressing OK
[main] 21:27:37,548 INFO  [AlertsTests] Result text: You successfully clicked an alert
[main] 21:27:38,563 INFO  [AlertsTests] [Test jsAlertTest failed]
]]></system-out>
    <system-err><![CDATA[Starting ChromeDriver 108.0.5359.71 (1e0e3868ee06e91ad636a874420e3ca3ae3756ac-refs/branch-heads/5359@{#1016}) on port 25927
Only local connections are allowed.
Please see https://chromedriver.chromium.org/security-considerations for suggestions on keeping ChromeDriver safe.
ChromeDriver was started successfully.
Jan 10, 2023 9:27:31 PM org.openqa.selenium.remote.ProtocolHandshake createSession
INFO: Detected dialect: W3C
]]></system-err>
  </testcase>
  <testcase name="jsDismissTest" classname="com.herokuapp.theinternet.alertstests.AlertsTests" time="3.714"/>
  <testcase name="jsPromptTest" classname="com.herokuapp.theinternet.alertstests.AlertsTests" time="4.539">
    <failure message="The following asserts failed:&#10;	Alert message is not expected. &#10;Should be &apos;I am a JS prompt&apos;, but it is &apos;I am a JS prompt[FAIL]&apos; expected [true] but found [false],&#10;	result is not expected. &#10;Should be &apos;You entered: Hello Alert, its Dmitry here&apos;, but it is &apos;You entered: Hello Alert, it&apos;s Dmitry here[FAIL]&apos; expected [true] but found [false]" type="java.lang.AssertionError">java.lang.AssertionError: 
The following asserts failed:
	Alert message is not expected. 
Should be 'I am a JS prompt', but it is 'I am a JS prompt[FAIL]' expected [true] but found [false],
	result is not expected. 
Should be 'You entered: Hello Alert, its Dmitry here', but it is 'You entered: Hello Alert, it's Dmitry here[FAIL]' expected [true] but found [false]
	at com.herokuapp.theinternet.alertstests.AlertsTests.jsPromptTest(AlertsTests.java:113)
</failure>
    <system-out><![CDATA[[main] 21:27:48,761 INFO  [AlertsTests] Close driver
[main] 21:27:50,720 INFO  [AlertsTests] Create driver: chrome
[main] 21:27:55,829 INFO  [AlertsTests] [Starting jsPromptTest]
[main] 21:27:55,830 INFO  [AlertsTests] Opening page: http://the-internet.herokuapp.com/
[main] 21:27:56,445 INFO  [AlertsTests] Page opened!
[main] 21:27:56,445 INFO  [AlertsTests] Clicking JavaScript Alerts link on Welcome Page
[main] 21:27:57,014 INFO  [AlertsTests] Clicking on 'Click for JS Prompt' button to open alert
[main] 21:27:58,266 INFO  [AlertsTests] Alert says: I am a JS prompt
[main] 21:27:58,266 INFO  [AlertsTests] Typing text into alert and pressing OK
[main] 21:27:59,367 INFO  [AlertsTests] Result text: You entered: Hello Alert, it's Dmitry here
[main] 21:28:00,378 INFO  [AlertsTests] [Test jsPromptTest failed]
]]></system-out>
    <system-err><![CDATA[Starting ChromeDriver 108.0.5359.71 (1e0e3868ee06e91ad636a874420e3ca3ae3756ac-refs/branch-heads/5359@{#1016}) on port 39619
Only local connections are allowed.
Please see https://chromedriver.chromium.org/security-considerations for suggestions on keeping ChromeDriver safe.
ChromeDriver was started successfully.
Jan 10, 2023 9:27:52 PM org.openqa.selenium.remote.ProtocolHandshake createSession
INFO: Detected dialect: W3C
]]></system-err>
  </testcase>
  <testcase name="fileUploadTest" classname="com.herokuapp.theinternet.uploadtests.UploadTests" time="1.523"/>
  <testcase name="fileUploadTest" classname="com.herokuapp.theinternet.uploadtests.UploadTests" time="1.242"/>
  <testcase name="fileUploadTest" classname="com.herokuapp.theinternet.uploadtests.UploadTests" time="1.264"/>
</testsuite>